# JRE version: OpenJDK Runtime Environment (8.0_212-b01) (build 1.8.0_212-8u212-b01-1+rpi1-b01)
# Java VM: OpenJDK Client VM (25.212-b01 mixed mode linux-aarch32 )
Heap:
 def new generation   total 4928K, used 3551K [0x64600000, 0x64b50000, 0x69350000)
  eden space 4416K,  68% used [0x64600000, 0x648f7c08, 0x64a50000)
  from space 512K, 100% used [0x64ad0000, 0x64b50000, 0x64b50000)
  to   space 512K,   0% used [0x64a50000, 0x64a50000, 0x64ad0000)
 tenured generation   total 10944K, used 2509K [0x69350000, 0x69e00000, 0x72e00000)
   the space 10944K,  22% used [0x69350000, 0x695c3400, 0x695c3400, 0x69e00000)
 Metaspace       used 5325K, capacity 5380K, committed 5400K, reserved 5424K
GC Heap History (10 events):
Event: 1.047 GC heap before
{Heap before GC invocations=0 (full 0):
 def new generation   total 4928K, used 4416K [0x64600000, 0x64b50000, 0x69350000)
  eden space 4416K, 100% used [0x64600000, 0x64a50000, 0x64a50000)
  from space 512K,   0% used [0x64a50000, 0x64a50000, 0x64ad0000)
  to   space 512K,   0% used [0x64ad0000, 0x64ad0000, 0x64b50000)
 tenured generation   total 10944K, used 0K [0x69350000, 0x69e00000, 0x72e00000)
   the space 10944K,   0% used [0x69350000, 0x69350000, 0x69350200, 0x69e00000)
 Metaspace       used 3639K, capacity 3682K, committed 3736K, reserved 4400K
Event: 1.062 GC heap after
Heap after GC invocations=1 (full 0):
 def new generation   total 4928K, used 512K [0x64600000, 0x64b50000, 0x69350000)
  eden space 4416K,   0% used [0x64600000, 0x64600000, 0x64a50000)
  from space 512K, 100% used [0x64ad0000, 0x64b50000, 0x64b50000)
  to   space 512K,   0% used [0x64a50000, 0x64a50000, 0x64ad0000)
 tenured generation   total 10944K, used 771K [0x69350000, 0x69e00000, 0x72e00000)
   the space 10944K,   7% used [0x69350000, 0x69410fe0, 0x69411000, 0x69e00000)
 Metaspace       used 3639K, capacity 3682K, committed 3736K, reserved 4400K
}
Event: 1.353 GC heap before
{Heap before GC invocations=1 (full 0):
 def new generation   total 4928K, used 4928K [0x64600000, 0x64b50000, 0x69350000)
  eden space 4416K, 100% used [0x64600000, 0x64a50000, 0x64a50000)
  from space 512K, 100% used [0x64ad0000, 0x64b50000, 0x64b50000)
  to   space 512K,   0% used [0x64a50000, 0x64a50000, 0x64ad0000)
 tenured generation   total 10944K, used 771K [0x69350000, 0x69e00000, 0x72e00000)
   the space 10944K,   7% used [0x69350000, 0x69410fe0, 0x69411000, 0x69e00000)
 Metaspace       used 3691K, capacity 3716K, committed 3736K, reserved 4400K
Event: 1.362 GC heap after
Heap after GC invocations=2 (full 0):
 def new generation   total 4928K, used 364K [0x64600000, 0x64b50000, 0x69350000)
  eden space 4416K,   0% used [0x64600000, 0x64600000, 0x64a50000)
  from space 512K,  71% used [0x64a50000, 0x64aab170, 0x64ad0000)
  to   space 512K,   0% used [0x64ad0000, 0x64ad0000, 0x64b50000)
 tenured generation   total 10944K, used 1277K [0x69350000, 0x69e00000, 0x72e00000)
   the space 10944K,  11% used [0x69350000, 0x6948f740, 0x6948f800, 0x69e00000)
 Metaspace       used 3691K, capacity 3716K, committed 3736K, reserved 4400K
}
Event: 1.586 GC heap before
{Heap before GC invocations=2 (full 0):
 def new generation   total 4928K, used 4780K [0x64600000, 0x64b50000, 0x69350000)
  eden space 4416K, 100% used [0x64600000, 0x64a50000, 0x64a50000)
  from space 512K,  71% used [0x64a50000, 0x64aab170, 0x64ad0000)
  to   space 512K,   0% used [0x64ad0000, 0x64ad0000, 0x64b50000)
 tenured generation   total 10944K, used 1277K [0x69350000, 0x69e00000, 0x72e00000)
   the space 10944K,  11% used [0x69350000, 0x6948f740, 0x6948f800, 0x69e00000)
 Metaspace       used 3711K, capacity 3748K, committed 3864K, reserved 4400K
Event: 1.592 GC heap after
Heap after GC invocations=3 (full 0):
 def new generation   total 4928K, used 438K [0x64600000, 0x64b50000, 0x69350000)
  eden space 4416K,   0% used [0x64600000, 0x64600000, 0x64a50000)
  from space 512K,  85% used [0x64ad0000, 0x64b3d9c0, 0x64b50000)
  to   space 512K,   0% used [0x64a50000, 0x64a50000, 0x64ad0000)
 tenured generation   total 10944K, used 1420K [0x69350000, 0x69e00000, 0x72e00000)
   the space 10944K,  12% used [0x69350000, 0x694b32d8, 0x694b3400, 0x69e00000)
 Metaspace       used 3711K, capacity 3748K, committed 3864K, reserved 4400K
}
Event: 1.954 GC heap before
{Heap before GC invocations=3 (full 0):
 def new generation   total 4928K, used 4854K [0x64600000, 0x64b50000, 0x69350000)
  eden space 4416K, 100% used [0x64600000, 0x64a50000, 0x64a50000)
  from space 512K,  85% used [0x64ad0000, 0x64b3d9c0, 0x64b50000)
  to   space 512K,   0% used [0x64a50000, 0x64a50000, 0x64ad0000)
 tenured generation   total 10944K, used 1420K [0x69350000, 0x69e00000, 0x72e00000)
   the space 10944K,  12% used [0x69350000, 0x694b32d8, 0x694b3400, 0x69e00000)
 Metaspace       used 4616K, capacity 4644K, committed 4760K, reserved 5424K
Event: 1.965 GC heap after
Heap after GC invocations=4 (full 0):
 def new generation   total 4928K, used 512K [0x64600000, 0x64b50000, 0x69350000)
  eden space 4416K,   0% used [0x64600000, 0x64600000, 0x64a50000)
  from space 512K, 100% used [0x64a50000, 0x64ad0000, 0x64ad0000)
  to   space 512K,   0% used [0x64ad0000, 0x64ad0000, 0x64b50000)
 tenured generation   total 10944K, used 2074K [0x69350000, 0x69e00000, 0x72e00000)
   the space 10944K,  18% used [0x69350000, 0x695569a8, 0x69556a00, 0x69e00000)
 Metaspace       used 4616K, capacity 4644K, committed 4760K, reserved 5424K
}
Event: 607.257 GC heap before
{Heap before GC invocations=4 (full 0):
 def new generation   total 4928K, used 4928K [0x64600000, 0x64b50000, 0x69350000)
  eden space 4416K, 100% used [0x64600000, 0x64a50000, 0x64a50000)
  from space 512K, 100% used [0x64a50000, 0x64ad0000, 0x64ad0000)
  to   space 512K,   0% used [0x64ad0000, 0x64ad0000, 0x64b50000)
 tenured generation   total 10944K, used 2074K [0x69350000, 0x69e00000, 0x72e00000)
   the space 10944K,  18% used [0x69350000, 0x695569a8, 0x69556a00, 0x69e00000)
 Metaspace       used 5255K, capacity 5284K, committed 5400K, reserved 5424K
Event: 607.280 GC heap after
Heap after GC invocations=5 (full 0):
 def new generation   total 4928K, used 512K [0x64600000, 0x64b50000, 0x69350000)
  eden space 4416K,   0% used [0x64600000, 0x64600000, 0x64a50000)
  from space 512K, 100% used [0x64ad0000, 0x64b50000, 0x64b50000)
  to   space 512K,   0% used [0x64a50000, 0x64a50000, 0x64ad0000)
 tenured generation   total 10944K, used 2509K [0x69350000, 0x69e00000, 0x72e00000)
   the space 10944K,  22% used [0x69350000, 0x695c3400, 0x695c3400, 0x69e00000)
 Metaspace       used 5255K, capacity 5284K, committed 5400K, reserved 5424K
}

