<?xml version="1.0" encoding="UTF-8"?>
<testsuite xmlns:xsi="http://www.w3.org/2001/XMLSchema-instance" xsi:noNamespaceSchemaLocation="https://maven.apache.org/surefire/maven-surefire-plugin/xsd/surefire-test-report-3.0.xsd" version="3.0" name="org.eclipse.leshan.integration.tests.QueueModeTest" time="8.602" tests="4" errors="0" skipped="0" failures="0">
  <properties>
[...]
</properties>
  <testcase name="one_awake_notification" classname="org.eclipse.leshan.integration.tests.QueueModeTest" time="4.364"/>
  <testcase name="awake_sleeping_awake_sleeping" classname="org.eclipse.leshan.integration.tests.QueueModeTest" time="2.704"/>
  <testcase name="correct_sending_when_awake" classname="org.eclipse.leshan.integration.tests.QueueModeTest" time="1.414"/>
  <testcase name="sleeping_if_timeout" classname="org.eclipse.leshan.integration.tests.QueueModeTest" time="0.12"/>
</testsuite>