-------------------------------------------------------------------------------
Test set: org.eclipse.leshan.integration.tests.BootstrapTest
-------------------------------------------------------------------------------
Tests run: 8, Failures: 0, Errors: 1, Skipped: 0, Time elapsed: 11.603 s <<< FAILURE! - in org.eclipse.leshan.integration.tests.BootstrapTest
org.eclipse.leshan.integration.tests.BootstrapTest.bootstrapToRPKServer  Time elapsed: 2.11 s  <<< ERROR!
java.lang.RuntimeException: java.util.concurrent.TimeoutException: wait for register timeout
	at org.eclipse.leshan.integration.tests.BootstrapTest.bootstrapToRPKServer(BootstrapTest.java:261)
Caused by: java.util.concurrent.TimeoutException: wait for register timeout
	at org.eclipse.leshan.integration.tests.BootstrapTest.bootstrapToRPKServer(BootstrapTest.java:261)

